[14-12-2012 21:05:48]: Jaden_Manu hat Jaden_Manu zum Polizeichief ernannt!
[14-12-2012 21:12:41]: ReWritten hat sich zu Jaden_Manu teleportiert!
[14-12-2012 21:21:31]: ReWritten hat ReWritten zum Polizeichief ernannt!
[14-12-2012 21:28:08]: Jaden_Manu hat Jaden_Manu zum Triadenboss ernannt!
[14-12-2012 21:34:47]: ReWritten hat sich zu Jaden_Manu teleportiert!
[14-12-2012 21:36:58]: Jaden_Manu hat Jaden_Manu zum Don ernannt!
[14-12-2012 21:37:14]: ReWritten hat ReWritten zum Triadenboss ernannt!
[14-12-2012 21:38:46]: Jaden_Manu hat Jaden_Manu zum Triadenboss ernannt!
[14-12-2012 21:41:07]: ReWritten hat ReWritten gekickt!
[14-12-2012 21:41:14]: Jaden_Manu hat Jaden_Manu zum Triadenboss ernannt!
[14-12-2012 21:41:40]: Jaden_Manu hat Jaden_Manu zum Revolutionsführer ernannt!
[14-12-2012 21:43:05]: ReWritten hat sich zu Jaden_Manu teleportiert!
[14-12-2012 21:43:18]: ReWritten hat sich zu Jaden_Manu teleportiert!
[14-12-2012 21:44:02]: ReWritten hat ReWritten zum Revolutionsführer ernannt!
[14-12-2012 21:44:54]: ReWritten hat Jim_Beam zu sich teleportiert.
[14-12-2012 21:49:54]: Jaden_Manu hat Jim_Beam zu sich teleportiert.
[14-12-2012 21:51:03]: ReWritten hat Jim_Beam gekickt!
[14-12-2012 21:52:47]: ReWritten hat Jim_Beam entbannt.
[14-12-2012 21:53:46]: Jaden_Manu hat Jim_Beam zum Polizeichief ernannt!
[14-12-2012 21:54:45]: ReWritten hat sich zu Jaden_Manu teleportiert!
[14-12-2012 21:54:56]: ReWritten hat sich zu Jaden_Manu teleportiert!
[14-12-2012 21:55:09]: ReWritten hat sich zu Jim_Beam teleportiert!
[14-12-2012 21:55:49]: ReWritten hat sich zu Jim_Beam teleportiert!
[14-12-2012 21:57:41]: Jaden_Manu hat Jaden_Manu zum Chefredakteur ernannt!
[14-12-2012 21:59:54]: ReWritten hat sich zu Jaden_Manu teleportiert!
[14-12-2012 22:03:46]: Jaden_Manu hat Jim_Beam zum Commander ernannt!
[14-12-2012 22:04:51]: Jaden_Manu hat Jaden_Manu zum Commander ernannt!
[14-12-2012 22:07:35]: Jim_Beam hat Jim_Beam zum Commander ernannt!
[14-12-2012 22:13:34]: Jaden_Manu hat sich zu Jim_Beam teleportiert!
